2023-10-18 12:34:51.463 [INFO] [restartedMain] [55] Starting ErpApplication using Java 17.0.6 on zhanjunmindeMacBook-Pro.local with PID 7430 (/Users/zhanjunmin/code/erp/ERP/target/classes started by zhanjunmin in /Users/zhanjunmin/code/erp/ERP)
2023-10-18 12:34:51.466 [INFO] [restartedMain] [631] No active profile set, falling back to 1 default profile: "default"
2023-10-18 12:34:51.494 [INFO] [restartedMain] [255] Devtools property defaults active! Set 'spring.devtools.add-properties' to 'false' to disable
2023-10-18 12:34:51.494 [INFO] [restartedMain] [255] For additional web related logging consider setting the 'logging.level.web' property to 'DEBUG'
2023-10-18 12:34:52.008 [INFO] [restartedMain] [262] Multiple Spring Data modules found, entering strict repository configuration mode
2023-10-18 12:34:52.008 [INFO] [restartedMain] [132] Bootstrapping Spring Data JPA repositories in DEFAULT mode.
2023-10-18 12:34:52.172 [INFO] [restartedMain] [201] Finished Spring Data repository scanning in 160 ms. Found 14 JPA repository interfaces.
2023-10-18 12:34:52.214 [INFO] [restartedMain] [262] Multiple Spring Data modules found, entering strict repository configuration mode
2023-10-18 12:34:52.230 [INFO] [restartedMain] [132] Bootstrapping Spring Data Redis repositories in DEFAULT mode.
2023-10-18 12:34:52.241 [INFO] [restartedMain] [349] Spring Data Redis - Could not safely identify store assignment for repository candidate interface tw.idv.erp.customer.contact.dao.ContactDao; If you want this repository to be a Redis repository, consider annotating your entities with one of these annotations: org.springframework.data.redis.core.RedisHash (preferred), or consider extending one of the following types with your repository: org.springframework.data.keyvalue.repository.KeyValueRepository
2023-10-18 12:34:52.241 [INFO] [restartedMain] [349] Spring Data Redis - Could not safely identify store assignment for repository candidate interface tw.idv.erp.customer.customer_details.dao.CustomerDetailDao; If you want this repository to be a Redis repository, consider annotating your entities with one of these annotations: org.springframework.data.redis.core.RedisHash (preferred), or consider extending one of the following types with your repository: org.springframework.data.keyvalue.repository.KeyValueRepository
2023-10-18 12:34:52.241 [INFO] [restartedMain] [349] Spring Data Redis - Could not safely identify store assignment for repository candidate interface tw.idv.erp.employee.employee.dao.EmployeeDao; If you want this repository to be a Redis repository, consider annotating your entities with one of these annotations: org.springframework.data.redis.core.RedisHash (preferred), or consider extending one of the following types with your repository: org.springframework.data.keyvalue.repository.KeyValueRepository
2023-10-18 12:34:52.241 [INFO] [restartedMain] [349] Spring Data Redis - Could not safely identify store assignment for repository candidate interface tw.idv.erp.employee.production_content_code.dao.ProductionContentCodeDao; If you want this repository to be a Redis repository, consider annotating your entities with one of these annotations: org.springframework.data.redis.core.RedisHash (preferred), or consider extending one of the following types with your repository: org.springframework.data.keyvalue.repository.KeyValueRepository
2023-10-18 12:34:52.241 [INFO] [restartedMain] [349] Spring Data Redis - Could not safely identify store assignment for repository candidate interface tw.idv.erp.employee.work_details.dao.WorkDetailsDao; If you want this repository to be a Redis repository, consider annotating your entities with one of these annotations: org.springframework.data.redis.core.RedisHash (preferred), or consider extending one of the following types with your repository: org.springframework.data.keyvalue.repository.KeyValueRepository
2023-10-18 12:34:52.242 [INFO] [restartedMain] [349] Spring Data Redis - Could not safely identify store assignment for repository candidate interface tw.idv.erp.employee.work_record.dao.WorkRecordDao; If you want this repository to be a Redis repository, consider annotating your entities with one of these annotations: org.springframework.data.redis.core.RedisHash (preferred), or consider extending one of the following types with your repository: org.springframework.data.keyvalue.repository.KeyValueRepository
2023-10-18 12:34:52.242 [INFO] [restartedMain] [349] Spring Data Redis - Could not safely identify store assignment for repository candidate interface tw.idv.erp.order.grinding_price.dao.GrindingPriceDao; If you want this repository to be a Redis repository, consider annotating your entities with one of these annotations: org.springframework.data.redis.core.RedisHash (preferred), or consider extending one of the following types with your repository: org.springframework.data.keyvalue.repository.KeyValueRepository
2023-10-18 12:34:52.242 [INFO] [restartedMain] [349] Spring Data Redis - Could not safely identify store assignment for repository candidate interface tw.idv.erp.order.heat_treatment_price.dao.HeatTreatmentPriceDao; If you want this repository to be a Redis repository, consider annotating your entities with one of these annotations: org.springframework.data.redis.core.RedisHash (preferred), or consider extending one of the following types with your repository: org.springframework.data.keyvalue.repository.KeyValueRepository
2023-10-18 12:34:52.242 [INFO] [restartedMain] [349] Spring Data Redis - Could not safely identify store assignment for repository candidate interface tw.idv.erp.order.order.dao.OrderDao; If you want this repository to be a Redis repository, consider annotating your entities with one of these annotations: org.springframework.data.redis.core.RedisHash (preferred), or consider extending one of the following types with your repository: org.springframework.data.keyvalue.repository.KeyValueRepository
2023-10-18 12:34:52.242 [INFO] [restartedMain] [349] Spring Data Redis - Could not safely identify store assignment for repository candidate interface tw.idv.erp.order.order_detail.dao.OrderDetailDao; If you want this repository to be a Redis repository, consider annotating your entities with one of these annotations: org.springframework.data.redis.core.RedisHash (preferred), or consider extending one of the following types with your repository: org.springframework.data.keyvalue.repository.KeyValueRepository
2023-10-18 12:34:52.242 [INFO] [restartedMain] [349] Spring Data Redis - Could not safely identify store assignment for repository candidate interface tw.idv.erp.order.product_category.dao.ProductCategoryDao; If you want this repository to be a Redis repository, consider annotating your entities with one of these annotations: org.springframework.data.redis.core.RedisHash (preferred), or consider extending one of the following types with your repository: org.springframework.data.keyvalue.repository.KeyValueRepository
2023-10-18 12:34:52.242 [INFO] [restartedMain] [349] Spring Data Redis - Could not safely identify store assignment for repository candidate interface tw.idv.erp.order.product_quotation.dao.ProductQuotationDao; If you want this repository to be a Redis repository, consider annotating your entities with one of these annotations: org.springframework.data.redis.core.RedisHash (preferred), or consider extending one of the following types with your repository: org.springframework.data.keyvalue.repository.KeyValueRepository
2023-10-18 12:34:52.243 [INFO] [restartedMain] [349] Spring Data Redis - Could not safely identify store assignment for repository candidate interface tw.idv.erp.order.steel_price.dao.SteelPriceDao; If you want this repository to be a Redis repository, consider annotating your entities with one of these annotations: org.springframework.data.redis.core.RedisHash (preferred), or consider extending one of the following types with your repository: org.springframework.data.keyvalue.repository.KeyValueRepository
2023-10-18 12:34:52.243 [INFO] [restartedMain] [349] Spring Data Redis - Could not safely identify store assignment for repository candidate interface tw.idv.erp.order.tooth_count_price.dao.ToothCountPriceDao; If you want this repository to be a Redis repository, consider annotating your entities with one of these annotations: org.springframework.data.redis.core.RedisHash (preferred), or consider extending one of the following types with your repository: org.springframework.data.keyvalue.repository.KeyValueRepository
2023-10-18 12:34:52.243 [INFO] [restartedMain] [201] Finished Spring Data repository scanning in 6 ms. Found 0 Redis repository interfaces.
2023-10-18 12:34:52.527 [INFO] [restartedMain] [108] Tomcat initialized with port(s): 8080 (http)
2023-10-18 12:34:52.533 [INFO] [restartedMain] [173] Starting service [Tomcat]
2023-10-18 12:34:52.533 [INFO] [restartedMain] [173] Starting Servlet engine: [Apache Tomcat/9.0.75]
2023-10-18 12:34:52.660 [INFO] [restartedMain] [173] At least one JAR was scanned for TLDs yet contained no TLDs. Enable debug logging for this logger for a complete list of JARs that were scanned but no TLDs were found in them. Skipping unneeded JARs during scanning can improve startup time and JSP compilation time.
2023-10-18 12:34:52.664 [INFO] [restartedMain] [173] Initializing Spring embedded WebApplicationContext
2023-10-18 12:34:52.664 [INFO] [restartedMain] [292] Root WebApplicationContext: initialization completed in 1169 ms
2023-10-18 12:34:52.710 [INFO] [restartedMain] [110] HikariPool-1 - Starting...
2023-10-18 12:34:53.035 [INFO] [restartedMain] [123] HikariPool-1 - Start completed.
2023-10-18 12:34:53.074 [INFO] [restartedMain] [31] HHH000204: Processing PersistenceUnitInfo [name: default]
2023-10-18 12:34:53.102 [INFO] [restartedMain] [44] HHH000412: Hibernate ORM core version 5.6.15.Final
2023-10-18 12:34:53.170 [INFO] [restartedMain] [56] HCANN000001: Hibernate Commons Annotations {5.1.2.Final}
2023-10-18 12:34:53.248 [INFO] [restartedMain] [175] HHH000400: Using dialect: org.hibernate.dialect.MySQLDialect
2023-10-18 12:34:53.669 [INFO] [restartedMain] [52] HHH000490: Using JtaPlatform implementation: [org.hibernate.engine.transaction.jta.platform.internal.NoJtaPlatform]
2023-10-18 12:34:53.672 [INFO] [restartedMain] [437] Initialized JPA EntityManagerFactory for persistence unit 'default'
2023-10-18 12:34:53.873 [WARN] [restartedMain] [223] spring.jpa.open-in-view is enabled by default. Therefore, database queries may be performed during view rendering. Explicitly configure spring.jpa.open-in-view to disable this warning
2023-10-18 12:34:54.318 [WARN] [restartedMain] [65] Cannot find template location(s): [classpath:/templates/] (please add some templates, check your FreeMarker configuration, or set spring.freemarker.check-template-location=false)
2023-10-18 12:34:54.334 [WARN] [restartedMain] [103] Cannot find template location: classpath:/templates/ (please add some templates, check your Thymeleaf configuration, or set spring.thymeleaf.check-template-location=false)
2023-10-18 12:34:54.357 [INFO] [restartedMain] [59] LiveReload server is running on port 35729
2023-10-18 12:34:54.375 [INFO] [restartedMain] [220] Tomcat started on port(s): 8080 (http) with context path '/changfeng'
2023-10-18 12:34:54.380 [INFO] [restartedMain] [61] Started ErpApplication in 3.179 seconds (JVM running for 4.364)
2023-10-18 12:34:54.760 [INFO] [http-nio-8080-exec-1] [173] Initializing Spring DispatcherServlet 'dispatcherServlet'
2023-10-18 12:34:54.760 [INFO] [http-nio-8080-exec-1] [525] Initializing Servlet 'dispatcherServlet'
2023-10-18 12:34:54.761 [INFO] [http-nio-8080-exec-1] [547] Completed initialization in 0 ms
2023-10-18 12:41:20.290 [INFO] [SpringApplicationShutdownHook] [651] Closing JPA EntityManagerFactory for persistence unit 'default'
2023-10-18 12:41:20.339 [INFO] [SpringApplicationShutdownHook] [350] HikariPool-1 - Shutdown initiated...
2023-10-18 12:41:20.415 [INFO] [SpringApplicationShutdownHook] [352] HikariPool-1 - Shutdown completed.
2023-10-18 13:49:27.857 [INFO] [restartedMain] [55] Starting ErpApplication using Java 17.0.6 on zhanjunmindeMacBook-Pro.local with PID 11279 (/Users/zhanjunmin/code/erp/ERP/target/classes started by zhanjunmin in /Users/zhanjunmin/code/erp/ERP)
2023-10-18 13:49:27.858 [INFO] [restartedMain] [631] No active profile set, falling back to 1 default profile: "default"
2023-10-18 13:49:27.878 [INFO] [restartedMain] [255] Devtools property defaults active! Set 'spring.devtools.add-properties' to 'false' to disable
2023-10-18 13:49:27.878 [INFO] [restartedMain] [255] For additional web related logging consider setting the 'logging.level.web' property to 'DEBUG'
2023-10-18 13:49:28.211 [INFO] [restartedMain] [262] Multiple Spring Data modules found, entering strict repository configuration mode
2023-10-18 13:49:28.212 [INFO] [restartedMain] [132] Bootstrapping Spring Data JPA repositories in DEFAULT mode.
2023-10-18 13:49:28.289 [INFO] [restartedMain] [201] Finished Spring Data repository scanning in 74 ms. Found 14 JPA repository interfaces.
2023-10-18 13:49:28.298 [INFO] [restartedMain] [262] Multiple Spring Data modules found, entering strict repository configuration mode
2023-10-18 13:49:28.298 [INFO] [restartedMain] [132] Bootstrapping Spring Data Redis repositories in DEFAULT mode.
2023-10-18 13:49:28.307 [INFO] [restartedMain] [349] Spring Data Redis - Could not safely identify store assignment for repository candidate interface tw.idv.erp.customer.contact.dao.ContactDao; If you want this repository to be a Redis repository, consider annotating your entities with one of these annotations: org.springframework.data.redis.core.RedisHash (preferred), or consider extending one of the following types with your repository: org.springframework.data.keyvalue.repository.KeyValueRepository
2023-10-18 13:49:28.308 [INFO] [restartedMain] [349] Spring Data Redis - Could not safely identify store assignment for repository candidate interface tw.idv.erp.customer.customer_details.dao.CustomerDetailDao; If you want this repository to be a Redis repository, consider annotating your entities with one of these annotations: org.springframework.data.redis.core.RedisHash (preferred), or consider extending one of the following types with your repository: org.springframework.data.keyvalue.repository.KeyValueRepository
2023-10-18 13:49:28.308 [INFO] [restartedMain] [349] Spring Data Redis - Could not safely identify store assignment for repository candidate interface tw.idv.erp.employee.employee.dao.EmployeeDao; If you want this repository to be a Redis repository, consider annotating your entities with one of these annotations: org.springframework.data.redis.core.RedisHash (preferred), or consider extending one of the following types with your repository: org.springframework.data.keyvalue.repository.KeyValueRepository
2023-10-18 13:49:28.308 [INFO] [restartedMain] [349] Spring Data Redis - Could not safely identify store assignment for repository candidate interface tw.idv.erp.employee.production_content_code.dao.ProductionContentCodeDao; If you want this repository to be a Redis repository, consider annotating your entities with one of these annotations: org.springframework.data.redis.core.RedisHash (preferred), or consider extending one of the following types with your repository: org.springframework.data.keyvalue.repository.KeyValueRepository
2023-10-18 13:49:28.308 [INFO] [restartedMain] [349] Spring Data Redis - Could not safely identify store assignment for repository candidate interface tw.idv.erp.employee.work_details.dao.WorkDetailsDao; If you want this repository to be a Redis repository, consider annotating your entities with one of these annotations: org.springframework.data.redis.core.RedisHash (preferred), or consider extending one of the following types with your repository: org.springframework.data.keyvalue.repository.KeyValueRepository
2023-10-18 13:49:28.308 [INFO] [restartedMain] [349] Spring Data Redis - Could not safely identify store assignment for repository candidate interface tw.idv.erp.employee.work_record.dao.WorkRecordDao; If you want this repository to be a Redis repository, consider annotating your entities with one of these annotations: org.springframework.data.redis.core.RedisHash (preferred), or consider extending one of the following types with your repository: org.springframework.data.keyvalue.repository.KeyValueRepository
2023-10-18 13:49:28.309 [INFO] [restartedMain] [349] Spring Data Redis - Could not safely identify store assignment for repository candidate interface tw.idv.erp.order.grinding_price.dao.GrindingPriceDao; If you want this repository to be a Redis repository, consider annotating your entities with one of these annotations: org.springframework.data.redis.core.RedisHash (preferred), or consider extending one of the following types with your repository: org.springframework.data.keyvalue.repository.KeyValueRepository
2023-10-18 13:49:28.309 [INFO] [restartedMain] [349] Spring Data Redis - Could not safely identify store assignment for repository candidate interface tw.idv.erp.order.heat_treatment_price.dao.HeatTreatmentPriceDao; If you want this repository to be a Redis repository, consider annotating your entities with one of these annotations: org.springframework.data.redis.core.RedisHash (preferred), or consider extending one of the following types with your repository: org.springframework.data.keyvalue.repository.KeyValueRepository
2023-10-18 13:49:28.309 [INFO] [restartedMain] [349] Spring Data Redis - Could not safely identify store assignment for repository candidate interface tw.idv.erp.order.order.dao.OrderDao; If you want this repository to be a Redis repository, consider annotating your entities with one of these annotations: org.springframework.data.redis.core.RedisHash (preferred), or consider extending one of the following types with your repository: org.springframework.data.keyvalue.repository.KeyValueRepository
2023-10-18 13:49:28.309 [INFO] [restartedMain] [349] Spring Data Redis - Could not safely identify store assignment for repository candidate interface tw.idv.erp.order.order_detail.dao.OrderDetailDao; If you want this repository to be a Redis repository, consider annotating your entities with one of these annotations: org.springframework.data.redis.core.RedisHash (preferred), or consider extending one of the following types with your repository: org.springframework.data.keyvalue.repository.KeyValueRepository
2023-10-18 13:49:28.309 [INFO] [restartedMain] [349] Spring Data Redis - Could not safely identify store assignment for repository candidate interface tw.idv.erp.order.product_category.dao.ProductCategoryDao; If you want this repository to be a Redis repository, consider annotating your entities with one of these annotations: org.springframework.data.redis.core.RedisHash (preferred), or consider extending one of the following types with your repository: org.springframework.data.keyvalue.repository.KeyValueRepository
2023-10-18 13:49:28.310 [INFO] [restartedMain] [349] Spring Data Redis - Could not safely identify store assignment for repository candidate interface tw.idv.erp.order.product_quotation.dao.ProductQuotationDao; If you want this repository to be a Redis repository, consider annotating your entities with one of these annotations: org.springframework.data.redis.core.RedisHash (preferred), or consider extending one of the following types with your repository: org.springframework.data.keyvalue.repository.KeyValueRepository
2023-10-18 13:49:28.310 [INFO] [restartedMain] [349] Spring Data Redis - Could not safely identify store assignment for repository candidate interface tw.idv.erp.order.steel_price.dao.SteelPriceDao; If you want this repository to be a Redis repository, consider annotating your entities with one of these annotations: org.springframework.data.redis.core.RedisHash (preferred), or consider extending one of the following types with your repository: org.springframework.data.keyvalue.repository.KeyValueRepository
2023-10-18 13:49:28.310 [INFO] [restartedMain] [349] Spring Data Redis - Could not safely identify store assignment for repository candidate interface tw.idv.erp.order.tooth_count_price.dao.ToothCountPriceDao; If you want this repository to be a Redis repository, consider annotating your entities with one of these annotations: org.springframework.data.redis.core.RedisHash (preferred), or consider extending one of the following types with your repository: org.springframework.data.keyvalue.repository.KeyValueRepository
2023-10-18 13:49:28.310 [INFO] [restartedMain] [201] Finished Spring Data repository scanning in 6 ms. Found 0 Redis repository interfaces.
2023-10-18 13:49:28.595 [INFO] [restartedMain] [108] Tomcat initialized with port(s): 8080 (http)
2023-10-18 13:49:28.602 [INFO] [restartedMain] [173] Starting service [Tomcat]
2023-10-18 13:49:28.602 [INFO] [restartedMain] [173] Starting Servlet engine: [Apache Tomcat/9.0.75]
2023-10-18 13:49:28.703 [INFO] [restartedMain] [173] At least one JAR was scanned for TLDs yet contained no TLDs. Enable debug logging for this logger for a complete list of JARs that were scanned but no TLDs were found in them. Skipping unneeded JARs during scanning can improve startup time and JSP compilation time.
2023-10-18 13:49:28.706 [INFO] [restartedMain] [173] Initializing Spring embedded WebApplicationContext
2023-10-18 13:49:28.706 [INFO] [restartedMain] [292] Root WebApplicationContext: initialization completed in 827 ms
2023-10-18 13:49:28.756 [INFO] [restartedMain] [110] HikariPool-1 - Starting...
2023-10-18 13:49:28.949 [INFO] [restartedMain] [123] HikariPool-1 - Start completed.
2023-10-18 13:49:28.971 [INFO] [restartedMain] [31] HHH000204: Processing PersistenceUnitInfo [name: default]
2023-10-18 13:49:28.999 [INFO] [restartedMain] [44] HHH000412: Hibernate ORM core version 5.6.15.Final
2023-10-18 13:49:29.064 [INFO] [restartedMain] [56] HCANN000001: Hibernate Commons Annotations {5.1.2.Final}
2023-10-18 13:49:29.110 [INFO] [restartedMain] [175] HHH000400: Using dialect: org.hibernate.dialect.MySQLDialect
2023-10-18 13:49:29.409 [INFO] [restartedMain] [52] HHH000490: Using JtaPlatform implementation: [org.hibernate.engine.transaction.jta.platform.internal.NoJtaPlatform]
2023-10-18 13:49:29.412 [INFO] [restartedMain] [437] Initialized JPA EntityManagerFactory for persistence unit 'default'
2023-10-18 13:49:29.583 [WARN] [restartedMain] [223] spring.jpa.open-in-view is enabled by default. Therefore, database queries may be performed during view rendering. Explicitly configure spring.jpa.open-in-view to disable this warning
2023-10-18 13:49:29.911 [WARN] [restartedMain] [65] Cannot find template location(s): [classpath:/templates/] (please add some templates, check your FreeMarker configuration, or set spring.freemarker.check-template-location=false)
2023-10-18 13:49:29.925 [WARN] [restartedMain] [103] Cannot find template location: classpath:/templates/ (please add some templates, check your Thymeleaf configuration, or set spring.thymeleaf.check-template-location=false)
2023-10-18 13:49:29.947 [INFO] [restartedMain] [59] LiveReload server is running on port 35729
2023-10-18 13:49:29.964 [INFO] [restartedMain] [220] Tomcat started on port(s): 8080 (http) with context path '/changfeng'
2023-10-18 13:49:29.970 [INFO] [restartedMain] [61] Started ErpApplication in 2.248 seconds (JVM running for 2.757)
2023-10-18 13:49:50.977 [INFO] [http-nio-8080-exec-1] [173] Initializing Spring DispatcherServlet 'dispatcherServlet'
2023-10-18 13:49:50.977 [INFO] [http-nio-8080-exec-1] [525] Initializing Servlet 'dispatcherServlet'
2023-10-18 13:49:50.981 [INFO] [http-nio-8080-exec-1] [547] Completed initialization in 4 ms
2023-10-18 13:50:32.125 [INFO] [SpringApplicationShutdownHook] [651] Closing JPA EntityManagerFactory for persistence unit 'default'
2023-10-18 13:50:32.128 [INFO] [SpringApplicationShutdownHook] [350] HikariPool-1 - Shutdown initiated...
2023-10-18 13:50:32.133 [INFO] [SpringApplicationShutdownHook] [352] HikariPool-1 - Shutdown completed.
2023-10-18 13:50:33.921 [INFO] [restartedMain] [55] Starting ErpApplication using Java 17.0.6 on zhanjunmindeMacBook-Pro.local with PID 11351 (/Users/zhanjunmin/code/erp/ERP/target/classes started by zhanjunmin in /Users/zhanjunmin/code/erp/ERP)
2023-10-18 13:50:33.921 [INFO] [restartedMain] [631] No active profile set, falling back to 1 default profile: "default"
2023-10-18 13:50:33.946 [INFO] [restartedMain] [255] Devtools property defaults active! Set 'spring.devtools.add-properties' to 'false' to disable
2023-10-18 13:50:33.946 [INFO] [restartedMain] [255] For additional web related logging consider setting the 'logging.level.web' property to 'DEBUG'
2023-10-18 13:50:34.251 [INFO] [restartedMain] [262] Multiple Spring Data modules found, entering strict repository configuration mode
2023-10-18 13:50:34.252 [INFO] [restartedMain] [132] Bootstrapping Spring Data JPA repositories in DEFAULT mode.
2023-10-18 13:50:34.331 [INFO] [restartedMain] [201] Finished Spring Data repository scanning in 76 ms. Found 14 JPA repository interfaces.
2023-10-18 13:50:34.339 [INFO] [restartedMain] [262] Multiple Spring Data modules found, entering strict repository configuration mode
2023-10-18 13:50:34.339 [INFO] [restartedMain] [132] Bootstrapping Spring Data Redis repositories in DEFAULT mode.
2023-10-18 13:50:34.350 [INFO] [restartedMain] [349] Spring Data Redis - Could not safely identify store assignment for repository candidate interface tw.idv.erp.customer.contact.dao.ContactDao; If you want this repository to be a Redis repository, consider annotating your entities with one of these annotations: org.springframework.data.redis.core.RedisHash (preferred), or consider extending one of the following types with your repository: org.springframework.data.keyvalue.repository.KeyValueRepository
2023-10-18 13:50:34.351 [INFO] [restartedMain] [349] Spring Data Redis - Could not safely identify store assignment for repository candidate interface tw.idv.erp.customer.customer_details.dao.CustomerDetailDao; If you want this repository to be a Redis repository, consider annotating your entities with one of these annotations: org.springframework.data.redis.core.RedisHash (preferred), or consider extending one of the following types with your repository: org.springframework.data.keyvalue.repository.KeyValueRepository
2023-10-18 13:50:34.351 [INFO] [restartedMain] [349] Spring Data Redis - Could not safely identify store assignment for repository candidate interface tw.idv.erp.employee.employee.dao.EmployeeDao; If you want this repository to be a Redis repository, consider annotating your entities with one of these annotations: org.springframework.data.redis.core.RedisHash (preferred), or consider extending one of the following types with your repository: org.springframework.data.keyvalue.repository.KeyValueRepository
2023-10-18 13:50:34.351 [INFO] [restartedMain] [349] Spring Data Redis - Could not safely identify store assignment for repository candidate interface tw.idv.erp.employee.production_content_code.dao.ProductionContentCodeDao; If you want this repository to be a Redis repository, consider annotating your entities with one of these annotations: org.springframework.data.redis.core.RedisHash (preferred), or consider extending one of the following types with your repository: org.springframework.data.keyvalue.repository.KeyValueRepository
2023-10-18 13:50:34.351 [INFO] [restartedMain] [349] Spring Data Redis - Could not safely identify store assignment for repository candidate interface tw.idv.erp.employee.work_details.dao.WorkDetailsDao; If you want this repository to be a Redis repository, consider annotating your entities with one of these annotations: org.springframework.data.redis.core.RedisHash (preferred), or consider extending one of the following types with your repository: org.springframework.data.keyvalue.repository.KeyValueRepository
2023-10-18 13:50:34.351 [INFO] [restartedMain] [349] Spring Data Redis - Could not safely identify store assignment for repository candidate interface tw.idv.erp.employee.work_record.dao.WorkRecordDao; If you want this repository to be a Redis repository, consider annotating your entities with one of these annotations: org.springframework.data.redis.core.RedisHash (preferred), or consider extending one of the following types with your repository: org.springframework.data.keyvalue.repository.KeyValueRepository
2023-10-18 13:50:34.352 [INFO] [restartedMain] [349] Spring Data Redis - Could not safely identify store assignment for repository candidate interface tw.idv.erp.order.grinding_price.dao.GrindingPriceDao; If you want this repository to be a Redis repository, consider annotating your entities with one of these annotations: org.springframework.data.redis.core.RedisHash (preferred), or consider extending one of the following types with your repository: org.springframework.data.keyvalue.repository.KeyValueRepository
2023-10-18 13:50:34.352 [INFO] [restartedMain] [349] Spring Data Redis - Could not safely identify store assignment for repository candidate interface tw.idv.erp.order.heat_treatment_price.dao.HeatTreatmentPriceDao; If you want this repository to be a Redis repository, consider annotating your entities with one of these annotations: org.springframework.data.redis.core.RedisHash (preferred), or consider extending one of the following types with your repository: org.springframework.data.keyvalue.repository.KeyValueRepository
2023-10-18 13:50:34.353 [INFO] [restartedMain] [349] Spring Data Redis - Could not safely identify store assignment for repository candidate interface tw.idv.erp.order.order.dao.OrderDao; If you want this repository to be a Redis repository, consider annotating your entities with one of these annotations: org.springframework.data.redis.core.RedisHash (preferred), or consider extending one of the following types with your repository: org.springframework.data.keyvalue.repository.KeyValueRepository
2023-10-18 13:50:34.353 [INFO] [restartedMain] [349] Spring Data Redis - Could not safely identify store assignment for repository candidate interface tw.idv.erp.order.order_detail.dao.OrderDetailDao; If you want this repository to be a Redis repository, consider annotating your entities with one of these annotations: org.springframework.data.redis.core.RedisHash (preferred), or consider extending one of the following types with your repository: org.springframework.data.keyvalue.repository.KeyValueRepository
2023-10-18 13:50:34.353 [INFO] [restartedMain] [349] Spring Data Redis - Could not safely identify store assignment for repository candidate interface tw.idv.erp.order.product_category.dao.ProductCategoryDao; If you want this repository to be a Redis repository, consider annotating your entities with one of these annotations: org.springframework.data.redis.core.RedisHash (preferred), or consider extending one of the following types with your repository: org.springframework.data.keyvalue.repository.KeyValueRepository
2023-10-18 13:50:34.353 [INFO] [restartedMain] [349] Spring Data Redis - Could not safely identify store assignment for repository candidate interface tw.idv.erp.order.product_quotation.dao.ProductQuotationDao; If you want this repository to be a Redis repository, consider annotating your entities with one of these annotations: org.springframework.data.redis.core.RedisHash (preferred), or consider extending one of the following types with your repository: org.springframework.data.keyvalue.repository.KeyValueRepository
2023-10-18 13:50:34.353 [INFO] [restartedMain] [349] Spring Data Redis - Could not safely identify store assignment for repository candidate interface tw.idv.erp.order.steel_price.dao.SteelPriceDao; If you want this repository to be a Redis repository, consider annotating your entities with one of these annotations: org.springframework.data.redis.core.RedisHash (preferred), or consider extending one of the following types with your repository: org.springframework.data.keyvalue.repository.KeyValueRepository
2023-10-18 13:50:34.353 [INFO] [restartedMain] [349] Spring Data Redis - Could not safely identify store assignment for repository candidate interface tw.idv.erp.order.tooth_count_price.dao.ToothCountPriceDao; If you want this repository to be a Redis repository, consider annotating your entities with one of these annotations: org.springframework.data.redis.core.RedisHash (preferred), or consider extending one of the following types with your repository: org.springframework.data.keyvalue.repository.KeyValueRepository
2023-10-18 13:50:34.354 [INFO] [restartedMain] [201] Finished Spring Data repository scanning in 8 ms. Found 0 Redis repository interfaces.
2023-10-18 13:50:34.747 [INFO] [restartedMain] [108] Tomcat initialized with port(s): 8080 (http)
2023-10-18 13:50:34.751 [INFO] [restartedMain] [173] Starting service [Tomcat]
2023-10-18 13:50:34.751 [INFO] [restartedMain] [173] Starting Servlet engine: [Apache Tomcat/9.0.75]
2023-10-18 13:50:34.838 [INFO] [restartedMain] [173] At least one JAR was scanned for TLDs yet contained no TLDs. Enable debug logging for this logger for a complete list of JARs that were scanned but no TLDs were found in them. Skipping unneeded JARs during scanning can improve startup time and JSP compilation time.
2023-10-18 13:50:34.841 [INFO] [restartedMain] [173] Initializing Spring embedded WebApplicationContext
2023-10-18 13:50:34.841 [INFO] [restartedMain] [292] Root WebApplicationContext: initialization completed in 895 ms
2023-10-18 13:50:34.883 [INFO] [restartedMain] [110] HikariPool-1 - Starting...
2023-10-18 13:50:34.998 [INFO] [restartedMain] [123] HikariPool-1 - Start completed.
2023-10-18 13:50:35.019 [INFO] [restartedMain] [31] HHH000204: Processing PersistenceUnitInfo [name: default]
2023-10-18 13:50:35.043 [INFO] [restartedMain] [44] HHH000412: Hibernate ORM core version 5.6.15.Final
2023-10-18 13:50:35.112 [INFO] [restartedMain] [56] HCANN000001: Hibernate Commons Annotations {5.1.2.Final}
2023-10-18 13:50:35.156 [INFO] [restartedMain] [175] HHH000400: Using dialect: org.hibernate.dialect.MySQLDialect
2023-10-18 13:50:35.445 [INFO] [restartedMain] [52] HHH000490: Using JtaPlatform implementation: [org.hibernate.engine.transaction.jta.platform.internal.NoJtaPlatform]
2023-10-18 13:50:35.448 [INFO] [restartedMain] [437] Initialized JPA EntityManagerFactory for persistence unit 'default'
2023-10-18 13:50:35.662 [WARN] [restartedMain] [223] spring.jpa.open-in-view is enabled by default. Therefore, database queries may be performed during view rendering. Explicitly configure spring.jpa.open-in-view to disable this warning
2023-10-18 13:50:36.008 [WARN] [restartedMain] [65] Cannot find template location(s): [classpath:/templates/] (please add some templates, check your FreeMarker configuration, or set spring.freemarker.check-template-location=false)
2023-10-18 13:50:36.023 [WARN] [restartedMain] [103] Cannot find template location: classpath:/templates/ (please add some templates, check your Thymeleaf configuration, or set spring.thymeleaf.check-template-location=false)
2023-10-18 13:50:36.043 [INFO] [restartedMain] [59] LiveReload server is running on port 35729
2023-10-18 13:50:36.061 [INFO] [restartedMain] [220] Tomcat started on port(s): 8080 (http) with context path '/changfeng'
2023-10-18 13:50:36.066 [INFO] [restartedMain] [61] Started ErpApplication in 2.307 seconds (JVM running for 2.88)
2023-10-18 13:50:37.536 [INFO] [http-nio-8080-exec-1] [173] Initializing Spring DispatcherServlet 'dispatcherServlet'
2023-10-18 13:50:37.537 [INFO] [http-nio-8080-exec-1] [525] Initializing Servlet 'dispatcherServlet'
2023-10-18 13:50:37.539 [INFO] [http-nio-8080-exec-1] [547] Completed initialization in 2 ms
2023-10-18 13:51:07.664 [INFO] [SpringApplicationShutdownHook] [651] Closing JPA EntityManagerFactory for persistence unit 'default'
2023-10-18 13:51:07.667 [INFO] [SpringApplicationShutdownHook] [350] HikariPool-1 - Shutdown initiated...
2023-10-18 13:51:07.675 [INFO] [SpringApplicationShutdownHook] [352] HikariPool-1 - Shutdown completed.
2023-10-18 13:51:09.167 [INFO] [restartedMain] [55] Starting ErpApplication using Java 17.0.6 on zhanjunmindeMacBook-Pro.local with PID 11400 (/Users/zhanjunmin/code/erp/ERP/target/classes started by zhanjunmin in /Users/zhanjunmin/code/erp/ERP)
2023-10-18 13:51:09.168 [INFO] [restartedMain] [631] No active profile set, falling back to 1 default profile: "default"
2023-10-18 13:51:09.212 [INFO] [restartedMain] [255] Devtools property defaults active! Set 'spring.devtools.add-properties' to 'false' to disable
2023-10-18 13:51:09.212 [INFO] [restartedMain] [255] For additional web related logging consider setting the 'logging.level.web' property to 'DEBUG'
2023-10-18 13:51:09.674 [INFO] [restartedMain] [262] Multiple Spring Data modules found, entering strict repository configuration mode
2023-10-18 13:51:09.675 [INFO] [restartedMain] [132] Bootstrapping Spring Data JPA repositories in DEFAULT mode.
2023-10-18 13:51:09.806 [INFO] [restartedMain] [201] Finished Spring Data repository scanning in 125 ms. Found 14 JPA repository interfaces.
2023-10-18 13:51:09.819 [INFO] [restartedMain] [262] Multiple Spring Data modules found, entering strict repository configuration mode
2023-10-18 13:51:09.819 [INFO] [restartedMain] [132] Bootstrapping Spring Data Redis repositories in DEFAULT mode.
2023-10-18 13:51:09.829 [INFO] [restartedMain] [349] Spring Data Redis - Could not safely identify store assignment for repository candidate interface tw.idv.erp.customer.contact.dao.ContactDao; If you want this repository to be a Redis repository, consider annotating your entities with one of these annotations: org.springframework.data.redis.core.RedisHash (preferred), or consider extending one of the following types with your repository: org.springframework.data.keyvalue.repository.KeyValueRepository
2023-10-18 13:51:09.829 [INFO] [restartedMain] [349] Spring Data Redis - Could not safely identify store assignment for repository candidate interface tw.idv.erp.customer.customer_details.dao.CustomerDetailDao; If you want this repository to be a Redis repository, consider annotating your entities with one of these annotations: org.springframework.data.redis.core.RedisHash (preferred), or consider extending one of the following types with your repository: org.springframework.data.keyvalue.repository.KeyValueRepository
2023-10-18 13:51:09.829 [INFO] [restartedMain] [349] Spring Data Redis - Could not safely identify store assignment for repository candidate interface tw.idv.erp.employee.employee.dao.EmployeeDao; If you want this repository to be a Redis repository, consider annotating your entities with one of these annotations: org.springframework.data.redis.core.RedisHash (preferred), or consider extending one of the following types with your repository: org.springframework.data.keyvalue.repository.KeyValueRepository
2023-10-18 13:51:09.830 [INFO] [restartedMain] [349] Spring Data Redis - Could not safely identify store assignment for repository candidate interface tw.idv.erp.employee.production_content_code.dao.ProductionContentCodeDao; If you want this repository to be a Redis repository, consider annotating your entities with one of these annotations: org.springframework.data.redis.core.RedisHash (preferred), or consider extending one of the following types with your repository: org.springframework.data.keyvalue.repository.KeyValueRepository
2023-10-18 13:51:09.830 [INFO] [restartedMain] [349] Spring Data Redis - Could not safely identify store assignment for repository candidate interface tw.idv.erp.employee.work_details.dao.WorkDetailsDao; If you want this repository to be a Redis repository, consider annotating your entities with one of these annotations: org.springframework.data.redis.core.RedisHash (preferred), or consider extending one of the following types with your repository: org.springframework.data.keyvalue.repository.KeyValueRepository
2023-10-18 13:51:09.830 [INFO] [restartedMain] [349] Spring Data Redis - Could not safely identify store assignment for repository candidate interface tw.idv.erp.employee.work_record.dao.WorkRecordDao; If you want this repository to be a Redis repository, consider annotating your entities with one of these annotations: org.springframework.data.redis.core.RedisHash (preferred), or consider extending one of the following types with your repository: org.springframework.data.keyvalue.repository.KeyValueRepository
2023-10-18 13:51:09.830 [INFO] [restartedMain] [349] Spring Data Redis - Could not safely identify store assignment for repository candidate interface tw.idv.erp.order.grinding_price.dao.GrindingPriceDao; If you want this repository to be a Redis repository, consider annotating your entities with one of these annotations: org.springframework.data.redis.core.RedisHash (preferred), or consider extending one of the following types with your repository: org.springframework.data.keyvalue.repository.KeyValueRepository
2023-10-18 13:51:09.830 [INFO] [restartedMain] [349] Spring Data Redis - Could not safely identify store assignment for repository candidate interface tw.idv.erp.order.heat_treatment_price.dao.HeatTreatmentPriceDao; If you want this repository to be a Redis repository, consider annotating your entities with one of these annotations: org.springframework.data.redis.core.RedisHash (preferred), or consider extending one of the following types with your repository: org.springframework.data.keyvalue.repository.KeyValueRepository
2023-10-18 13:51:09.830 [INFO] [restartedMain] [349] Spring Data Redis - Could not safely identify store assignment for repository candidate interface tw.idv.erp.order.order.dao.OrderDao; If you want this repository to be a Redis repository, consider annotating your entities with one of these annotations: org.springframework.data.redis.core.RedisHash (preferred), or consider extending one of the following types with your repository: org.springframework.data.keyvalue.repository.KeyValueRepository
2023-10-18 13:51:09.831 [INFO] [restartedMain] [349] Spring Data Redis - Could not safely identify store assignment for repository candidate interface tw.idv.erp.order.order_detail.dao.OrderDetailDao; If you want this repository to be a Redis repository, consider annotating your entities with one of these annotations: org.springframework.data.redis.core.RedisHash (preferred), or consider extending one of the following types with your repository: org.springframework.data.keyvalue.repository.KeyValueRepository
2023-10-18 13:51:09.831 [INFO] [restartedMain] [349] Spring Data Redis - Could not safely identify store assignment for repository candidate interface tw.idv.erp.order.product_category.dao.ProductCategoryDao; If you want this repository to be a Redis repository, consider annotating your entities with one of these annotations: org.springframework.data.redis.core.RedisHash (preferred), or consider extending one of the following types with your repository: org.springframework.data.keyvalue.repository.KeyValueRepository
2023-10-18 13:51:09.831 [INFO] [restartedMain] [349] Spring Data Redis - Could not safely identify store assignment for repository candidate interface tw.idv.erp.order.product_quotation.dao.ProductQuotationDao; If you want this repository to be a Redis repository, consider annotating your entities with one of these annotations: org.springframework.data.redis.core.RedisHash (preferred), or consider extending one of the following types with your repository: org.springframework.data.keyvalue.repository.KeyValueRepository
2023-10-18 13:51:09.831 [INFO] [restartedMain] [349] Spring Data Redis - Could not safely identify store assignment for repository candidate interface tw.idv.erp.order.steel_price.dao.SteelPriceDao; If you want this repository to be a Redis repository, consider annotating your entities with one of these annotations: org.springframework.data.redis.core.RedisHash (preferred), or consider extending one of the following types with your repository: org.springframework.data.keyvalue.repository.KeyValueRepository
2023-10-18 13:51:09.832 [INFO] [restartedMain] [349] Spring Data Redis - Could not safely identify store assignment for repository candidate interface tw.idv.erp.order.tooth_count_price.dao.ToothCountPriceDao; If you want this repository to be a Redis repository, consider annotating your entities with one of these annotations: org.springframework.data.redis.core.RedisHash (preferred), or consider extending one of the following types with your repository: org.springframework.data.keyvalue.repository.KeyValueRepository
2023-10-18 13:51:09.832 [INFO] [restartedMain] [201] Finished Spring Data repository scanning in 9 ms. Found 0 Redis repository interfaces.
2023-10-18 13:51:10.137 [INFO] [restartedMain] [108] Tomcat initialized with port(s): 8080 (http)
2023-10-18 13:51:10.142 [INFO] [restartedMain] [173] Starting service [Tomcat]
2023-10-18 13:51:10.143 [INFO] [restartedMain] [173] Starting Servlet engine: [Apache Tomcat/9.0.75]
2023-10-18 13:51:10.248 [INFO] [restartedMain] [173] At least one JAR was scanned for TLDs yet contained no TLDs. Enable debug logging for this logger for a complete list of JARs that were scanned but no TLDs were found in them. Skipping unneeded JARs during scanning can improve startup time and JSP compilation time.
2023-10-18 13:51:10.251 [INFO] [restartedMain] [173] Initializing Spring embedded WebApplicationContext
2023-10-18 13:51:10.251 [INFO] [restartedMain] [292] Root WebApplicationContext: initialization completed in 1038 ms
2023-10-18 13:51:10.299 [INFO] [restartedMain] [110] HikariPool-1 - Starting...
2023-10-18 13:51:10.418 [INFO] [restartedMain] [123] HikariPool-1 - Start completed.
2023-10-18 13:51:10.438 [INFO] [restartedMain] [31] HHH000204: Processing PersistenceUnitInfo [name: default]
2023-10-18 13:51:10.467 [INFO] [restartedMain] [44] HHH000412: Hibernate ORM core version 5.6.15.Final
2023-10-18 13:51:10.537 [INFO] [restartedMain] [56] HCANN000001: Hibernate Commons Annotations {5.1.2.Final}
2023-10-18 13:51:10.616 [INFO] [restartedMain] [175] HHH000400: Using dialect: org.hibernate.dialect.MySQLDialect
2023-10-18 13:51:10.934 [INFO] [restartedMain] [52] HHH000490: Using JtaPlatform implementation: [org.hibernate.engine.transaction.jta.platform.internal.NoJtaPlatform]
2023-10-18 13:51:10.937 [INFO] [restartedMain] [437] Initialized JPA EntityManagerFactory for persistence unit 'default'
2023-10-18 13:51:11.120 [WARN] [restartedMain] [223] spring.jpa.open-in-view is enabled by default. Therefore, database queries may be performed during view rendering. Explicitly configure spring.jpa.open-in-view to disable this warning
2023-10-18 13:51:11.435 [WARN] [restartedMain] [65] Cannot find template location(s): [classpath:/templates/] (please add some templates, check your FreeMarker configuration, or set spring.freemarker.check-template-location=false)
2023-10-18 13:51:11.449 [WARN] [restartedMain] [103] Cannot find template location: classpath:/templates/ (please add some templates, check your Thymeleaf configuration, or set spring.thymeleaf.check-template-location=false)
2023-10-18 13:51:11.470 [INFO] [restartedMain] [59] LiveReload server is running on port 35729
2023-10-18 13:51:11.487 [INFO] [restartedMain] [220] Tomcat started on port(s): 8080 (http) with context path '/changfeng'
2023-10-18 13:51:11.492 [INFO] [restartedMain] [61] Started ErpApplication in 2.689 seconds (JVM running for 3.145)
2023-10-18 13:51:11.875 [INFO] [http-nio-8080-exec-1] [173] Initializing Spring DispatcherServlet 'dispatcherServlet'
2023-10-18 13:51:11.876 [INFO] [http-nio-8080-exec-1] [525] Initializing Servlet 'dispatcherServlet'
2023-10-18 13:51:11.876 [INFO] [http-nio-8080-exec-1] [547] Completed initialization in 0 ms
2023-10-18 13:51:31.581 [INFO] [SpringApplicationShutdownHook] [651] Closing JPA EntityManagerFactory for persistence unit 'default'
2023-10-18 13:51:31.588 [INFO] [SpringApplicationShutdownHook] [350] HikariPool-1 - Shutdown initiated...
2023-10-18 13:51:31.593 [INFO] [SpringApplicationShutdownHook] [352] HikariPool-1 - Shutdown completed.
2023-10-18 13:51:33.292 [INFO] [restartedMain] [55] Starting ErpApplication using Java 17.0.6 on zhanjunmindeMacBook-Pro.local with PID 11461 (/Users/zhanjunmin/code/erp/ERP/target/classes started by zhanjunmin in /Users/zhanjunmin/code/erp/ERP)
2023-10-18 13:51:33.293 [INFO] [restartedMain] [631] No active profile set, falling back to 1 default profile: "default"
2023-10-18 13:51:33.316 [INFO] [restartedMain] [255] Devtools property defaults active! Set 'spring.devtools.add-properties' to 'false' to disable
2023-10-18 13:51:33.317 [INFO] [restartedMain] [255] For additional web related logging consider setting the 'logging.level.web' property to 'DEBUG'
2023-10-18 13:51:33.860 [INFO] [restartedMain] [262] Multiple Spring Data modules found, entering strict repository configuration mode
2023-10-18 13:51:33.862 [INFO] [restartedMain] [132] Bootstrapping Spring Data JPA repositories in DEFAULT mode.
2023-10-18 13:51:33.940 [INFO] [restartedMain] [201] Finished Spring Data repository scanning in 73 ms. Found 14 JPA repository interfaces.
2023-10-18 13:51:33.947 [INFO] [restartedMain] [262] Multiple Spring Data modules found, entering strict repository configuration mode
2023-10-18 13:51:33.947 [INFO] [restartedMain] [132] Bootstrapping Spring Data Redis repositories in DEFAULT mode.
2023-10-18 13:51:33.954 [INFO] [restartedMain] [349] Spring Data Redis - Could not safely identify store assignment for repository candidate interface tw.idv.erp.customer.contact.dao.ContactDao; If you want this repository to be a Redis repository, consider annotating your entities with one of these annotations: org.springframework.data.redis.core.RedisHash (preferred), or consider extending one of the following types with your repository: org.springframework.data.keyvalue.repository.KeyValueRepository
2023-10-18 13:51:33.954 [INFO] [restartedMain] [349] Spring Data Redis - Could not safely identify store assignment for repository candidate interface tw.idv.erp.customer.customer_details.dao.CustomerDetailDao; If you want this repository to be a Redis repository, consider annotating your entities with one of these annotations: org.springframework.data.redis.core.RedisHash (preferred), or consider extending one of the following types with your repository: org.springframework.data.keyvalue.repository.KeyValueRepository
2023-10-18 13:51:33.954 [INFO] [restartedMain] [349] Spring Data Redis - Could not safely identify store assignment for repository candidate interface tw.idv.erp.employee.employee.dao.EmployeeDao; If you want this repository to be a Redis repository, consider annotating your entities with one of these annotations: org.springframework.data.redis.core.RedisHash (preferred), or consider extending one of the following types with your repository: org.springframework.data.keyvalue.repository.KeyValueRepository
2023-10-18 13:51:33.954 [INFO] [restartedMain] [349] Spring Data Redis - Could not safely identify store assignment for repository candidate interface tw.idv.erp.employee.production_content_code.dao.ProductionContentCodeDao; If you want this repository to be a Redis repository, consider annotating your entities with one of these annotations: org.springframework.data.redis.core.RedisHash (preferred), or consider extending one of the following types with your repository: org.springframework.data.keyvalue.repository.KeyValueRepository
2023-10-18 13:51:33.955 [INFO] [restartedMain] [349] Spring Data Redis - Could not safely identify store assignment for repository candidate interface tw.idv.erp.employee.work_details.dao.WorkDetailsDao; If you want this repository to be a Redis repository, consider annotating your entities with one of these annotations: org.springframework.data.redis.core.RedisHash (preferred), or consider extending one of the following types with your repository: org.springframework.data.keyvalue.repository.KeyValueRepository
2023-10-18 13:51:33.955 [INFO] [restartedMain] [349] Spring Data Redis - Could not safely identify store assignment for repository candidate interface tw.idv.erp.employee.work_record.dao.WorkRecordDao; If you want this repository to be a Redis repository, consider annotating your entities with one of these annotations: org.springframework.data.redis.core.RedisHash (preferred), or consider extending one of the following types with your repository: org.springframework.data.keyvalue.repository.KeyValueRepository
2023-10-18 13:51:33.955 [INFO] [restartedMain] [349] Spring Data Redis - Could not safely identify store assignment for repository candidate interface tw.idv.erp.order.grinding_price.dao.GrindingPriceDao; If you want this repository to be a Redis repository, consider annotating your entities with one of these annotations: org.springframework.data.redis.core.RedisHash (preferred), or consider extending one of the following types with your repository: org.springframework.data.keyvalue.repository.KeyValueRepository
2023-10-18 13:51:33.955 [INFO] [restartedMain] [349] Spring Data Redis - Could not safely identify store assignment for repository candidate interface tw.idv.erp.order.heat_treatment_price.dao.HeatTreatmentPriceDao; If you want this repository to be a Redis repository, consider annotating your entities with one of these annotations: org.springframework.data.redis.core.RedisHash (preferred), or consider extending one of the following types with your repository: org.springframework.data.keyvalue.repository.KeyValueRepository
2023-10-18 13:51:33.955 [INFO] [restartedMain] [349] Spring Data Redis - Could not safely identify store assignment for repository candidate interface tw.idv.erp.order.order.dao.OrderDao; If you want this repository to be a Redis repository, consider annotating your entities with one of these annotations: org.springframework.data.redis.core.RedisHash (preferred), or consider extending one of the following types with your repository: org.springframework.data.keyvalue.repository.KeyValueRepository
2023-10-18 13:51:33.955 [INFO] [restartedMain] [349] Spring Data Redis - Could not safely identify store assignment for repository candidate interface tw.idv.erp.order.order_detail.dao.OrderDetailDao; If you want this repository to be a Redis repository, consider annotating your entities with one of these annotations: org.springframework.data.redis.core.RedisHash (preferred), or consider extending one of the following types with your repository: org.springframework.data.keyvalue.repository.KeyValueRepository
2023-10-18 13:51:33.956 [INFO] [restartedMain] [349] Spring Data Redis - Could not safely identify store assignment for repository candidate interface tw.idv.erp.order.product_category.dao.ProductCategoryDao; If you want this repository to be a Redis repository, consider annotating your entities with one of these annotations: org.springframework.data.redis.core.RedisHash (preferred), or consider extending one of the following types with your repository: org.springframework.data.keyvalue.repository.KeyValueRepository
2023-10-18 13:51:33.956 [INFO] [restartedMain] [349] Spring Data Redis - Could not safely identify store assignment for repository candidate interface tw.idv.erp.order.product_quotation.dao.ProductQuotationDao; If you want this repository to be a Redis repository, consider annotating your entities with one of these annotations: org.springframework.data.redis.core.RedisHash (preferred), or consider extending one of the following types with your repository: org.springframework.data.keyvalue.repository.KeyValueRepository
2023-10-18 13:51:33.956 [INFO] [restartedMain] [349] Spring Data Redis - Could not safely identify store assignment for repository candidate interface tw.idv.erp.order.steel_price.dao.SteelPriceDao; If you want this repository to be a Redis repository, consider annotating your entities with one of these annotations: org.springframework.data.redis.core.RedisHash (preferred), or consider extending one of the following types with your repository: org.springframework.data.keyvalue.repository.KeyValueRepository
2023-10-18 13:51:33.956 [INFO] [restartedMain] [349] Spring Data Redis - Could not safely identify store assignment for repository candidate interface tw.idv.erp.order.tooth_count_price.dao.ToothCountPriceDao; If you want this repository to be a Redis repository, consider annotating your entities with one of these annotations: org.springframework.data.redis.core.RedisHash (preferred), or consider extending one of the following types with your repository: org.springframework.data.keyvalue.repository.KeyValueRepository
2023-10-18 13:51:33.956 [INFO] [restartedMain] [201] Finished Spring Data repository scanning in 6 ms. Found 0 Redis repository interfaces.
2023-10-18 13:51:34.297 [INFO] [restartedMain] [108] Tomcat initialized with port(s): 8080 (http)
2023-10-18 13:51:34.302 [INFO] [restartedMain] [173] Starting service [Tomcat]
2023-10-18 13:51:34.302 [INFO] [restartedMain] [173] Starting Servlet engine: [Apache Tomcat/9.0.75]
2023-10-18 13:51:34.399 [INFO] [restartedMain] [173] At least one JAR was scanned for TLDs yet contained no TLDs. Enable debug logging for this logger for a complete list of JARs that were scanned but no TLDs were found in them. Skipping unneeded JARs during scanning can improve startup time and JSP compilation time.
2023-10-18 13:51:34.402 [INFO] [restartedMain] [173] Initializing Spring embedded WebApplicationContext
2023-10-18 13:51:34.402 [INFO] [restartedMain] [292] Root WebApplicationContext: initialization completed in 1085 ms
2023-10-18 13:51:34.447 [INFO] [restartedMain] [110] HikariPool-1 - Starting...
2023-10-18 13:51:34.601 [INFO] [restartedMain] [123] HikariPool-1 - Start completed.
2023-10-18 13:51:34.625 [INFO] [restartedMain] [31] HHH000204: Processing PersistenceUnitInfo [name: default]
2023-10-18 13:51:34.651 [INFO] [restartedMain] [44] HHH000412: Hibernate ORM core version 5.6.15.Final
2023-10-18 13:51:34.719 [INFO] [restartedMain] [56] HCANN000001: Hibernate Commons Annotations {5.1.2.Final}
2023-10-18 13:51:34.772 [INFO] [restartedMain] [175] HHH000400: Using dialect: org.hibernate.dialect.MySQLDialect
2023-10-18 13:51:35.114 [INFO] [restartedMain] [52] HHH000490: Using JtaPlatform implementation: [org.hibernate.engine.transaction.jta.platform.internal.NoJtaPlatform]
2023-10-18 13:51:35.118 [INFO] [restartedMain] [437] Initialized JPA EntityManagerFactory for persistence unit 'default'
2023-10-18 13:51:35.302 [WARN] [restartedMain] [223] spring.jpa.open-in-view is enabled by default. Therefore, database queries may be performed during view rendering. Explicitly configure spring.jpa.open-in-view to disable this warning
2023-10-18 13:51:35.618 [WARN] [restartedMain] [65] Cannot find template location(s): [classpath:/templates/] (please add some templates, check your FreeMarker configuration, or set spring.freemarker.check-template-location=false)
2023-10-18 13:51:35.633 [WARN] [restartedMain] [103] Cannot find template location: classpath:/templates/ (please add some templates, check your Thymeleaf configuration, or set spring.thymeleaf.check-template-location=false)
2023-10-18 13:51:35.652 [INFO] [restartedMain] [59] LiveReload server is running on port 35729
2023-10-18 13:51:35.672 [INFO] [restartedMain] [220] Tomcat started on port(s): 8080 (http) with context path '/changfeng'
2023-10-18 13:51:35.678 [INFO] [restartedMain] [61] Started ErpApplication in 2.561 seconds (JVM running for 3.149)
2023-10-18 13:51:35.720 [INFO] [http-nio-8080-exec-1] [173] Initializing Spring DispatcherServlet 'dispatcherServlet'
2023-10-18 13:51:35.720 [INFO] [http-nio-8080-exec-1] [525] Initializing Servlet 'dispatcherServlet'
2023-10-18 13:51:35.721 [INFO] [http-nio-8080-exec-1] [547] Completed initialization in 1 ms
2023-10-18 13:52:26.930 [INFO] [SpringApplicationShutdownHook] [651] Closing JPA EntityManagerFactory for persistence unit 'default'
2023-10-18 13:52:26.936 [INFO] [SpringApplicationShutdownHook] [350] HikariPool-1 - Shutdown initiated...
2023-10-18 13:52:26.940 [INFO] [SpringApplicationShutdownHook] [352] HikariPool-1 - Shutdown completed.
